<?xml version="1.0" encoding="UTF-8"?>
<!-- Generated by org.testng.reporters.JUnitXMLReporter -->
<testsuite hostname="LAPTOP-NV1H2CAM" ignored="0" name="Test" tests="9" failures="4" timestamp="28 Jul 2019 06:33:04 GMT" time="108.281" errors="0">
  <testcase name="loginTest" time="19.293" classname="testScripts.TestScript1">
    <failure type="java.lang.AssertionError" message="The following asserts failed:
	expected [Sign-on:Mercury Tours] but found [Sign-on: Mercury Tours]">
      <![CDATA[java.lang.AssertionError: The following asserts failed:
expected [Sign-on:Mercury Tours] but found [Sign-on: Mercury Tours]
at testScripts.TestScript1.loginTest(TestScript1.java:49)
... Removed 26 stack frames]]>
    </failure>
  </testcase> <!-- loginTest -->
  <testcase name="loginTest" time="8.621" classname="testScripts.TestScript1">
    <failure type="java.lang.AssertionError" message="The following asserts failed:
	expected [Sign-on:Mercury Tours] but found [Sign-on: Mercury Tours]">
      <![CDATA[java.lang.AssertionError: The following asserts failed:
expected [Sign-on:Mercury Tours] but found [Sign-on: Mercury Tours]
at testScripts.TestScript1.loginTest(TestScript1.java:49)
... Removed 26 stack frames]]>
    </failure>
  </testcase> <!-- loginTest -->
  <testcase name="loginTest" time="10.356" classname="testScripts.TestScript1">
    <failure type="java.lang.AssertionError" message="The following asserts failed:
	expected [Sign-on:Mercury Tours] but found [Sign-on: Mercury Tours]">
      <![CDATA[java.lang.AssertionError: The following asserts failed:
expected [Sign-on:Mercury Tours] but found [Sign-on: Mercury Tours]
at testScripts.TestScript1.loginTest(TestScript1.java:49)
... Removed 26 stack frames]]>
    </failure>
  </testcase> <!-- loginTest -->
  <testcase name="loginTest" time="8.563" classname="testScripts.TestScript1">
    <failure type="java.lang.AssertionError" message="The following asserts failed:
	expected [Sign-on:Mercury Tours] but found [Sign-on: Mercury Tours]">
      <![CDATA[java.lang.AssertionError: The following asserts failed:
expected [Sign-on:Mercury Tours] but found [Sign-on: Mercury Tours]
at testScripts.TestScript1.loginTest(TestScript1.java:49)
... Removed 26 stack frames]]>
    </failure>
  </testcase> <!-- loginTest -->
  <testcase name="loginTest" time="11.846" classname="testScripts.TestScript1"/>
  <testcase name="loginTest" time="13.14" classname="testScripts.TestScript1"/>
  <testcase name="loginTest" time="11.987" classname="testScripts.TestScript1"/>
  <testcase name="onewayFlightBooking" time="11.898" classname="testScripts.TestScript2"/>
  <testcase name="onewayFlightBooking" time="12.093" classname="testScripts.TestScript2"/>
</testsuite> <!-- Test -->
